<?xml version="1.0" encoding="UTF-8"?>
<testng-results ignored="0" total="4" passed="3" failed="1" skipped="0">
  <reporter-output>
    <line>
      <![CDATA[OOOOOOOOOOOOOOOOOOOOOOOOOOOOOOOOOOOOO]]>
    </line>
    <line>
      <![CDATA[on start]]>
    </line>
    <line>
      <![CDATA[########################################]]>
    </line>
    <line>
      <![CDATA[ begining of new test]]>
    </line>
    <line>
      <![CDATA[FFFFFFFFFFFFFFFFFFFFFFFFFFFFFFFFFFFFFFFF]]>
    </line>
    <line>
      <![CDATA[test fails]]>
    </line>
    <line>
      <![CDATA[########################################]]>
    </line>
    <line>
      <![CDATA[ begining of new test]]>
    </line>
    <line>
      <![CDATA[@@@@@@@@@@@@@@@@@@@@@@@@@@@@@@@@@@@@@@@@]]>
    </line>
    <line>
      <![CDATA[test is successfully passes]]>
    </line>
    <line>
      <![CDATA[########################################]]>
    </line>
    <line>
      <![CDATA[ begining of new test]]>
    </line>
    <line>
      <![CDATA[@@@@@@@@@@@@@@@@@@@@@@@@@@@@@@@@@@@@@@@@]]>
    </line>
    <line>
      <![CDATA[test is successfully passes]]>
    </line>
    <line>
      <![CDATA[########################################]]>
    </line>
    <line>
      <![CDATA[ begining of new test]]>
    </line>
    <line>
      <![CDATA[@@@@@@@@@@@@@@@@@@@@@@@@@@@@@@@@@@@@@@@@]]>
    </line>
    <line>
      <![CDATA[test is successfully passes]]>
    </line>
  </reporter-output>
  <suite started-at="2021-12-16T17:04:57 IST" name="Default suite" finished-at="2021-12-16T17:04:58 IST" duration-ms="140">
    <groups>
      <group name="sanity">
        <method signature="GroupsTestCases.sanity1()[pri:0, instance:groupsInTestNg.GroupsTestCases@c333c60]" name="sanity1" class="groupsInTestNg.GroupsTestCases"/>
        <method signature="GroupsTestCases.sanity2()[pri:0, instance:groupsInTestNg.GroupsTestCases@c333c60]" name="sanity2" class="groupsInTestNg.GroupsTestCases"/>
      </group> <!-- sanity -->
      <group name="retesting">
        <method signature="GroupsTestCases.retesting1()[pri:0, instance:groupsInTestNg.GroupsTestCases@c333c60]" name="retesting1" class="groupsInTestNg.GroupsTestCases"/>
        <method signature="GroupsTestCases.retesting2()[pri:0, instance:groupsInTestNg.GroupsTestCases@c333c60]" name="retesting2" class="groupsInTestNg.GroupsTestCases"/>
      </group> <!-- retesting -->
    </groups>
    <test started-at="2021-12-16T17:04:57 IST" name="Default test" finished-at="2021-12-16T17:04:58 IST" duration-ms="140">
      <class name="groupsInTestNg.GroupsTestCases">
        <test-method signature="retesting1()[pri:0, instance:groupsInTestNg.GroupsTestCases@c333c60]" started-at="2021-12-16T17:04:57 IST" name="retesting1" finished-at="2021-12-16T17:04:58 IST" duration-ms="21" status="FAIL">
          <exception class="java.lang.AssertionError">
            <message>
              <![CDATA[expected [true] but found [false]]]>
            </message>
            <full-stacktrace>
              <![CDATA[java.lang.AssertionError: expected [true] but found [false]
at org.testng.Assert.fail(Assert.java:99)
at org.testng.Assert.failNotEquals(Assert.java:1037)
at org.testng.Assert.assertEqualsImpl(Assert.java:140)
at org.testng.Assert.assertEquals(Assert.java:122)
at org.testng.Assert.assertEquals(Assert.java:819)
at org.testng.Assert.assertEquals(Assert.java:829)
at groupsInTestNg.GroupsTestCases.retesting1(GroupsTestCases.java:20)
at java.base/jdk.internal.reflect.NativeMethodAccessorImpl.invoke0(Native Method)
at java.base/jdk.internal.reflect.NativeMethodAccessorImpl.invoke(NativeMethodAccessorImpl.java:64)
at java.base/jdk.internal.reflect.DelegatingMethodAccessorImpl.invoke(DelegatingMethodAccessorImpl.java:43)
at java.base/java.lang.reflect.Method.invoke(Method.java:564)
at org.testng.internal.MethodInvocationHelper.invokeMethod(MethodInvocationHelper.java:133)
at org.testng.internal.TestInvoker.invokeMethod(TestInvoker.java:598)
at org.testng.internal.TestInvoker.invokeTestMethod(TestInvoker.java:173)
at org.testng.internal.MethodRunner.runInSequence(MethodRunner.java:46)
at org.testng.internal.TestInvoker$MethodInvocationAgent.invoke(TestInvoker.java:824)
at org.testng.internal.TestInvoker.invokeTestMethods(TestInvoker.java:146)
at org.testng.internal.TestMethodWorker.invokeTestMethods(TestMethodWorker.java:146)
at org.testng.internal.TestMethodWorker.run(TestMethodWorker.java:128)
at java.base/java.util.ArrayList.forEach(ArrayList.java:1511)
at org.testng.TestRunner.privateRun(TestRunner.java:794)
at org.testng.TestRunner.run(TestRunner.java:596)
at org.testng.SuiteRunner.runTest(SuiteRunner.java:377)
at org.testng.SuiteRunner.runSequentially(SuiteRunner.java:371)
at org.testng.SuiteRunner.privateRun(SuiteRunner.java:332)
at org.testng.SuiteRunner.run(SuiteRunner.java:276)
at org.testng.SuiteRunnerWorker.runSuite(SuiteRunnerWorker.java:53)
at org.testng.SuiteRunnerWorker.run(SuiteRunnerWorker.java:96)
at org.testng.TestNG.runSuitesSequentially(TestNG.java:1212)
at org.testng.TestNG.runSuitesLocally(TestNG.java:1134)
at org.testng.TestNG.runSuites(TestNG.java:1063)
at org.testng.TestNG.run(TestNG.java:1031)
at org.testng.remote.AbstractRemoteTestNG.run(AbstractRemoteTestNG.java:115)
at org.testng.remote.RemoteTestNG.initAndRun(RemoteTestNG.java:251)
at org.testng.remote.RemoteTestNG.main(RemoteTestNG.java:77)
]]>
            </full-stacktrace>
          </exception> <!-- java.lang.AssertionError -->
          <reporter-output>
            <line>
              <![CDATA[########################################]]>
            </line>
            <line>
              <![CDATA[ begining of new test]]>
            </line>
            <line>
              <![CDATA[FFFFFFFFFFFFFFFFFFFFFFFFFFFFFFFFFFFFFFFF]]>
            </line>
            <line>
              <![CDATA[test fails]]>
            </line>
          </reporter-output>
        </test-method> <!-- retesting1 -->
        <test-method signature="retesting2()[pri:0, instance:groupsInTestNg.GroupsTestCases@c333c60]" started-at="2021-12-16T17:04:58 IST" name="retesting2" finished-at="2021-12-16T17:04:58 IST" duration-ms="5" status="PASS">
          <reporter-output>
            <line>
              <![CDATA[########################################]]>
            </line>
            <line>
              <![CDATA[ begining of new test]]>
            </line>
            <line>
              <![CDATA[@@@@@@@@@@@@@@@@@@@@@@@@@@@@@@@@@@@@@@@@]]>
            </line>
            <line>
              <![CDATA[test is successfully passes]]>
            </line>
          </reporter-output>
        </test-method> <!-- retesting2 -->
        <test-method signature="sanity1()[pri:0, instance:groupsInTestNg.GroupsTestCases@c333c60]" started-at="2021-12-16T17:04:58 IST" name="sanity1" finished-at="2021-12-16T17:04:58 IST" duration-ms="3" status="PASS">
          <reporter-output>
            <line>
              <![CDATA[########################################]]>
            </line>
            <line>
              <![CDATA[ begining of new test]]>
            </line>
            <line>
              <![CDATA[@@@@@@@@@@@@@@@@@@@@@@@@@@@@@@@@@@@@@@@@]]>
            </line>
            <line>
              <![CDATA[test is successfully passes]]>
            </line>
          </reporter-output>
        </test-method> <!-- sanity1 -->
        <test-method signature="sanity2()[pri:0, instance:groupsInTestNg.GroupsTestCases@c333c60]" started-at="2021-12-16T17:04:58 IST" name="sanity2" finished-at="2021-12-16T17:04:58 IST" duration-ms="3" status="PASS">
          <reporter-output>
            <line>
              <![CDATA[########################################]]>
            </line>
            <line>
              <![CDATA[ begining of new test]]>
            </line>
            <line>
              <![CDATA[@@@@@@@@@@@@@@@@@@@@@@@@@@@@@@@@@@@@@@@@]]>
            </line>
            <line>
              <![CDATA[test is successfully passes]]>
            </line>
          </reporter-output>
        </test-method> <!-- sanity2 -->
      </class> <!-- groupsInTestNg.GroupsTestCases -->
    </test> <!-- Default test -->
  </suite> <!-- Default suite -->
</testng-results>
