<?xml version="1.0" encoding="UTF-8"?>
<!-- Generated by org.testng.reporters.JUnitXMLReporter -->
<testsuite ignored="0" hostname="DESKTOP-QK53TP2" failures="1" tests="1" name="ChromeTest" time="0.104" errors="0" timestamp="2021-12-15T13:40:16 IST">
  <testcase classname="parameterization.TestNgParameters" name="checkPara" time="0.0">
    <failure type="org.testng.TestNGException" message="
Parameter &amp;apos;version&amp;apos; is required by @Test on method checkPara but has not been marked @Optional or defined
in C:\Users\HP\eclipse-workspace\TestNgFramework\testngParameters.xml">
      <![CDATA[org.testng.TestNGException: 
Parameter 'version' is required by @Test on method checkPara but has not been marked @Optional or defined
in C:\Users\HP\eclipse-workspace\TestNgFramework\testngParameters.xml
at java.base/java.util.ArrayList.forEach(ArrayList.java:1511)
at java.base/java.util.concurrent.FutureTask.run(FutureTask.java:264)
at java.base/java.util.concurrent.ThreadPoolExecutor.runWorker(ThreadPoolExecutor.java:1130)
at java.base/java.util.concurrent.ThreadPoolExecutor$Worker.run(ThreadPoolExecutor.java:630)
at java.base/java.lang.Thread.run(Thread.java:832)
... Removed 17 stack frames]]>
    </failure>
  </testcase> <!-- checkPara -->
</testsuite> <!-- ChromeTest -->
